<?xml version="1.0" encoding="UTF-8"?>
<!-- Generated by org.testng.reporters.JUnitReportReporter -->
<testsuite hostname="DESKTOP-R8QAM61" failures="0" tests="2" name="ProductType.CreateNewRecord" time="12.904" errors="0" timestamp="2023-08-04T14:14:05 IST" skipped="0">
  <testcase classname="ProductType.CreateNewRecord" name="test1" time="6.545"/>
  <testcase classname="ProductType.CreateNewRecord" name="test1" time="6.359"/>
</testsuite> <!-- ProductType.CreateNewRecord -->
