<?xml version="1.0" encoding="UTF-8"?>
<!-- Generated by org.testng.reporters.JUnitReportReporter -->
<testsuite hostname="DESKTOP-R8QAM61" failures="0" tests="2" name="BrokerMaster.EditBrokerDetails" time="26.424" errors="0" timestamp="2023-08-04T12:20:49 IST" skipped="0">
  <testcase classname="BrokerMaster.EditBrokerDetails" name="test1" time="12.938"/>
  <testcase classname="BrokerMaster.EditBrokerDetails" name="test1" time="13.486"/>
</testsuite> <!-- BrokerMaster.EditBrokerDetails -->
