<?xml version="1.0" encoding="UTF-8"?>
<!-- Generated by org.testng.reporters.JUnitReportReporter -->
<testsuite hostname="DESKTOP-R8QAM61" failures="0" tests="2" name="UserManagement.UserRoleTab" time="7.476" errors="0" timestamp="2023-08-09T16:47:31 IST" skipped="0">
  <testcase classname="UserManagement.UserRoleTab" name="test1" time="3.740"/>
  <testcase classname="UserManagement.UserRoleTab" name="test1" time="3.736"/>
</testsuite> <!-- UserManagement.UserRoleTab -->
