<?xml version="1.0" encoding="UTF-8"?>
<!-- Generated by org.testng.reporters.JUnitReportReporter -->
<testsuite hostname="DESKTOP-R8QAM61" failures="0" tests="6" name="UserAgreement.ViewTab" time="8.989" errors="0" timestamp="2023-07-25T15:10:41 IST" skipped="4">
  <testcase classname="UserAgreement.ViewTab" name="test4" time="4.301"/>
  <testcase classname="UserAgreement.ViewTab" name="test4" time="4.688"/>
  <testcase classname="UserAgreement.ViewTab" name="test6">
    <skipped/>
  </testcase> <!-- test6 -->
  <testcase classname="UserAgreement.ViewTab" name="test5">
    <skipped/>
  </testcase> <!-- test5 -->
  <testcase classname="UserAgreement.ViewTab" name="test5">
    <skipped/>
  </testcase> <!-- test5 -->
  <testcase classname="UserAgreement.ViewTab" name="test6">
    <skipped/>
  </testcase> <!-- test6 -->
</testsuite> <!-- UserAgreement.ViewTab -->
