<?xml version="1.0" encoding="UTF-8"?>
<!-- Generated by org.testng.reporters.JUnitReportReporter -->
<testsuite hostname="DESKTOP-R8QAM61" failures="0" tests="1" name="BondMaster.addBondFile" time="0.001" errors="0" timestamp="2023-08-07T16:40:41 IST" skipped="1">
  <testcase classname="BondMaster.addBondFile" name="test1" time="0.001">
    <skipped/>
  </testcase> <!-- test1 -->
</testsuite> <!-- BondMaster.addBondFile -->
