<?xml version="1.0" encoding="UTF-8"?>
<!-- Generated by org.testng.reporters.JUnitReportReporter -->
<testsuite hostname="DESKTOP-R8QAM61" failures="0" tests="4" name="BondMaster.EditBondDetails" time="0.000" errors="0" timestamp="2023-08-07T16:40:41 IST" skipped="4">
  <testcase classname="BondMaster.EditBondDetails" name="updateCashflow" time="0.000">
    <skipped/>
  </testcase> <!-- updateCashflow -->
  <testcase classname="BondMaster.EditBondDetails" name="submit" time="0.000">
    <skipped/>
  </testcase> <!-- submit -->
  <testcase classname="BondMaster.EditBondDetails" name="addSpread">
    <skipped/>
  </testcase> <!-- addSpread -->
  <testcase classname="BondMaster.EditBondDetails" name="approve">
    <skipped/>
  </testcase> <!-- approve -->
</testsuite> <!-- BondMaster.EditBondDetails -->
