<?xml version="1.0" encoding="UTF-8"?>
<!-- Generated by org.testng.reporters.JUnitReportReporter -->
<testsuite hostname="DESKTOP-R8QAM61" failures="0" tests="2" name="BrokerMaster.Brokermaster" time="5.853" errors="0" timestamp="2023-08-04T11:52:56 IST" skipped="0">
  <testcase classname="BrokerMaster.Brokermaster" name="test1" time="2.637"/>
  <testcase classname="BrokerMaster.Brokermaster" name="test1" time="3.216"/>
</testsuite> <!-- BrokerMaster.Brokermaster -->
