<?xml version="1.0" encoding="UTF-8"?>
<!-- Generated by org.testng.reporters.JUnitReportReporter -->
<testsuite hostname="DESKTOP-R8QAM61" failures="0" tests="2" name="UnlistedMaster.SearchTab" time="15.228" errors="0" timestamp="2023-08-16T11:43:54 IST" skipped="0">
  <testcase classname="UnlistedMaster.SearchTab" name="test1" time="7.936"/>
  <testcase classname="UnlistedMaster.SearchTab" name="test1" time="7.292"/>
</testsuite> <!-- UnlistedMaster.SearchTab -->
