<?xml version="1.0" encoding="UTF-8"?>
<!-- Generated by org.testng.reporters.JUnitReportReporter -->
<testsuite hostname="DESKTOP-R8QAM61" failures="0" tests="2" name="BrokerMaster.AddBroker" time="27.378" errors="0" timestamp="2023-08-04T11:05:23 IST" skipped="0">
  <testcase classname="BrokerMaster.AddBroker" name="test1" time="14.042"/>
  <testcase classname="BrokerMaster.AddBroker" name="test1" time="13.336"/>
</testsuite> <!-- BrokerMaster.AddBroker -->
