<?xml version="1.0" encoding="UTF-8"?>
<!-- Generated by org.testng.reporters.JUnitReportReporter -->
<testsuite hostname="DESKTOP-R8QAM61" failures="0" tests="2" name="ProductType.ViewAndUpdate" time="13.865" errors="0" timestamp="2023-08-04T16:32:35 IST" skipped="0">
  <testcase classname="ProductType.ViewAndUpdate" name="test1" time="7.086"/>
  <testcase classname="ProductType.ViewAndUpdate" name="test1" time="6.779"/>
</testsuite> <!-- ProductType.ViewAndUpdate -->
