<?xml version="1.0" encoding="UTF-8"?>
<!-- Generated by org.testng.reporters.JUnitReportReporter -->
<testsuite hostname="DESKTOP-R8QAM61" failures="0" tests="2" name="BrokerMaster.Demo" time="5.414" errors="0" timestamp="2023-08-04T11:47:10 IST" skipped="0">
  <testcase classname="BrokerMaster.Demo" name="test1" time="2.893"/>
  <testcase classname="BrokerMaster.Demo" name="test1" time="2.521"/>
</testsuite> <!-- BrokerMaster.Demo -->
