<?xml version="1.0" encoding="UTF-8"?>
<!-- Generated by org.testng.reporters.JUnitReportReporter -->
<testsuite hostname="DESKTOP-R8QAM61" failures="0" tests="2" name="UserAgreement.UserManagTab" time="7.347" errors="0" timestamp="2023-07-25T15:10:41 IST" skipped="0">
  <testcase classname="UserAgreement.UserManagTab" name="test1" time="3.618"/>
  <testcase classname="UserAgreement.UserManagTab" name="test1" time="3.729"/>
</testsuite> <!-- UserAgreement.UserManagTab -->
