<?xml version="1.0" encoding="UTF-8"?>
<!-- Generated by org.testng.reporters.JUnitReportReporter -->
<testsuite hostname="DESKTOP-R8QAM61" failures="0" tests="2" name="UnlistedMaster.SearchTab" time="13.412" errors="0" timestamp="2023-07-28T10:23:26 IST" skipped="0">
  <testcase classname="UnlistedMaster.SearchTab" name="test1" time="6.526"/>
  <testcase classname="UnlistedMaster.SearchTab" name="test1" time="6.886"/>
</testsuite> <!-- UnlistedMaster.SearchTab -->
