<?xml version="1.0" encoding="UTF-8"?>
<!-- Generated by org.testng.reporters.JUnitReportReporter -->
<testsuite hostname="DESKTOP-R8QAM61" failures="0" tests="2" name="UserManagement.UserManagTab" time="5.793" errors="0" timestamp="2023-08-08T09:39:50 IST" skipped="0">
  <testcase classname="UserManagement.UserManagTab" name="test1" time="2.600"/>
  <testcase classname="UserManagement.UserManagTab" name="test1" time="3.193"/>
</testsuite> <!-- UserManagement.UserManagTab -->
