<?xml version="1.0" encoding="UTF-8"?>
<!-- Generated by org.testng.reporters.JUnitReportReporter -->
<testsuite hostname="DESKTOP-R8QAM61" failures="0" tests="1" name="ProductType.CreateNewRecord" time="0.000" errors="0" timestamp="2023-08-07T16:40:41 IST" skipped="1">
  <testcase classname="ProductType.CreateNewRecord" name="test1" time="0.000">
    <skipped/>
  </testcase> <!-- test1 -->
</testsuite> <!-- ProductType.CreateNewRecord -->
