<?xml version="1.0" encoding="UTF-8"?>
<!-- Generated by org.testng.reporters.JUnitReportReporter -->
<testsuite hostname="DESKTOP-R8QAM61" failures="0" tests="4" name="UserAgreement.demo2$demo" time="0.024" errors="0" timestamp="2023-07-25T14:54:46 IST" skipped="0">
  <testcase classname="UserAgreement.demo2$demo" name="test4" time="0.007"/>
  <testcase classname="UserAgreement.demo2$demo" name="test1" time="0.009"/>
  <testcase classname="UserAgreement.demo2$demo" name="test3" time="0.006"/>
  <testcase classname="UserAgreement.demo2$demo" name="test2" time="0.002"/>
</testsuite> <!-- UserAgreement.demo2$demo -->
