<?xml version="1.0" encoding="UTF-8"?>
<!-- Generated by org.testng.reporters.JUnitReportReporter -->
<testsuite hostname="DESKTOP-R8QAM61" failures="0" tests="8" name="UserAgreement.UserRoleTestNG" time="3.433" errors="0" timestamp="2023-07-25T12:07:18 IST" skipped="6">
  <testcase classname="UserAgreement.UserRoleTestNG" name="test3" time="1.645"/>
  <testcase classname="UserAgreement.UserRoleTestNG" name="test3" time="1.788"/>
  <testcase classname="UserAgreement.UserRoleTestNG" name="test1">
    <skipped/>
  </testcase> <!-- test1 -->
  <testcase classname="UserAgreement.UserRoleTestNG" name="test4">
    <skipped/>
  </testcase> <!-- test4 -->
  <testcase classname="UserAgreement.UserRoleTestNG" name="test1">
    <skipped/>
  </testcase> <!-- test1 -->
  <testcase classname="UserAgreement.UserRoleTestNG" name="test4">
    <skipped/>
  </testcase> <!-- test4 -->
  <testcase classname="UserAgreement.UserRoleTestNG" name="test2">
    <skipped/>
  </testcase> <!-- test2 -->
  <testcase classname="UserAgreement.UserRoleTestNG" name="test2">
    <skipped/>
  </testcase> <!-- test2 -->
</testsuite> <!-- UserAgreement.UserRoleTestNG -->
