<?xml version="1.0" encoding="UTF-8"?>
<!-- Generated by org.testng.reporters.JUnitReportReporter -->
<testsuite hostname="DESKTOP-R8QAM61" failures="0" tests="2" name="ProductType.demmmm" time="13.792" errors="0" timestamp="2023-08-04T16:08:54 IST" skipped="0">
  <testcase classname="ProductType.demmmm" name="test1" time="7.185"/>
  <testcase classname="ProductType.demmmm" name="test1" time="6.607"/>
</testsuite> <!-- ProductType.demmmm -->
