<?xml version="1.0" encoding="UTF-8"?>
<!-- Generated by org.testng.reporters.JUnitReportReporter -->
<testsuite hostname="DESKTOP-R8QAM61" failures="0" tests="2" name="BondMaster.searchTab" time="15.298" errors="0" timestamp="2023-08-04T16:52:52 IST" skipped="0">
  <testcase classname="BondMaster.searchTab" name="test1" time="9.579"/>
  <testcase classname="BondMaster.searchTab" name="test1" time="5.719"/>
</testsuite> <!-- BondMaster.searchTab -->
