<?xml version="1.0" encoding="UTF-8"?>
<!-- Generated by org.testng.reporters.JUnitReportReporter -->
<testsuite hostname="DESKTOP-R8QAM61" failures="0" tests="4" name="UnlistedMaster.deom3" time="10.298" errors="0" timestamp="2023-08-03T15:38:41 IST" skipped="2">
  <testcase classname="UnlistedMaster.deom3" name="scriptName" time="5.040"/>
  <testcase classname="UnlistedMaster.deom3" name="scriptName" time="5.258"/>
  <testcase classname="UnlistedMaster.deom3" name="submit">
    <skipped/>
  </testcase> <!-- submit -->
  <testcase classname="UnlistedMaster.deom3" name="submit">
    <skipped/>
  </testcase> <!-- submit -->
</testsuite> <!-- UnlistedMaster.deom3 -->
