<?xml version="1.0" encoding="UTF-8"?>
<!-- Generated by org.testng.reporters.JUnitReportReporter -->
<testsuite hostname="DESKTOP-R8QAM61" failures="0" tests="8" name="UserAgreement.UserRoleTab" time="2.894" errors="0" timestamp="2023-07-25T15:10:41 IST" skipped="6">
  <testcase classname="UserAgreement.UserRoleTab" name="test3" time="1.305"/>
  <testcase classname="UserAgreement.UserRoleTab" name="test3" time="1.589"/>
  <testcase classname="UserAgreement.UserRoleTab" name="test4">
    <skipped/>
  </testcase> <!-- test4 -->
  <testcase classname="UserAgreement.UserRoleTab" name="test2">
    <skipped/>
  </testcase> <!-- test2 -->
  <testcase classname="UserAgreement.UserRoleTab" name="test4">
    <skipped/>
  </testcase> <!-- test4 -->
  <testcase classname="UserAgreement.UserRoleTab" name="test1">
    <skipped/>
  </testcase> <!-- test1 -->
  <testcase classname="UserAgreement.UserRoleTab" name="test2">
    <skipped/>
  </testcase> <!-- test2 -->
  <testcase classname="UserAgreement.UserRoleTab" name="test1">
    <skipped/>
  </testcase> <!-- test1 -->
</testsuite> <!-- UserAgreement.UserRoleTab -->
