<?xml version="1.0" encoding="UTF-8"?>
<!-- Generated by org.testng.reporters.JUnitReportReporter -->
<testsuite hostname="DESKTOP-R8QAM61" failures="0" tests="2" name="BondMaster.addBondFile" time="10.815" errors="0" timestamp="2023-08-07T09:54:31 IST" skipped="0">
  <testcase classname="BondMaster.addBondFile" name="test1" time="5.280"/>
  <testcase classname="BondMaster.addBondFile" name="test1" time="5.535"/>
</testsuite> <!-- BondMaster.addBondFile -->
